[0.007s] Invoking command in '/home/gustavo/ws_mobile/src/mobile_robot/build/mobile_robot': CMAKE_PREFIX_PATH=${CMAKE_PREFIX_PATH}:/opt/ros/jazzy DEBUGINFOD_URLS=https://debuginfod.ubuntu.com /usr/bin/cmake --build /home/gustavo/ws_mobile/src/mobile_robot/build/mobile_robot -- -j20 -l20
[0.043s] Invoked command in '/home/gustavo/ws_mobile/src/mobile_robot/build/mobile_robot' returned '0': CMAKE_PREFIX_PATH=${CMAKE_PREFIX_PATH}:/opt/ros/jazzy DEBUGINFOD_URLS=https://debuginfod.ubuntu.com /usr/bin/cmake --build /home/gustavo/ws_mobile/src/mobile_robot/build/mobile_robot -- -j20 -l20
[0.056s] Invoking command in '/home/gustavo/ws_mobile/src/mobile_robot/build/mobile_robot': CMAKE_PREFIX_PATH=${CMAKE_PREFIX_PATH}:/opt/ros/jazzy DEBUGINFOD_URLS=https://debuginfod.ubuntu.com /usr/bin/cmake --install /home/gustavo/ws_mobile/src/mobile_robot/build/mobile_robot
[0.072s] -- Install configuration: ""
[0.072s] -- Up-to-date: /home/gustavo/ws_mobile/src/mobile_robot/install/mobile_robot/share/mobile_robot/launch
[0.073s] -- Up-to-date: /home/gustavo/ws_mobile/src/mobile_robot/install/mobile_robot/share/mobile_robot/launch/gazebo_model.launch.py
[0.073s] -- Up-to-date: /home/gustavo/ws_mobile/src/mobile_robot/install/mobile_robot/share/mobile_robot/model
[0.073s] -- Up-to-date: /home/gustavo/ws_mobile/src/mobile_robot/install/mobile_robot/share/mobile_robot/model/robot.gazebo
[0.073s] -- Up-to-date: /home/gustavo/ws_mobile/src/mobile_robot/install/mobile_robot/share/mobile_robot/model/robot.xacro
[0.073s] -- Up-to-date: /home/gustavo/ws_mobile/src/mobile_robot/install/mobile_robot/share/mobile_robot/parameters
[0.073s] -- Up-to-date: /home/gustavo/ws_mobile/src/mobile_robot/install/mobile_robot/share/mobile_robot/parameters/bridge_parameters.yaml
[0.074s] -- Up-to-date: /home/gustavo/ws_mobile/src/mobile_robot/install/mobile_robot/share/ament_index/resource_index/package_run_dependencies/mobile_robot
[0.074s] -- Up-to-date: /home/gustavo/ws_mobile/src/mobile_robot/install/mobile_robot/share/ament_index/resource_index/parent_prefix_path/mobile_robot
[0.074s] -- Up-to-date: /home/gustavo/ws_mobile/src/mobile_robot/install/mobile_robot/share/mobile_robot/environment/ament_prefix_path.sh
[0.074s] -- Up-to-date: /home/gustavo/ws_mobile/src/mobile_robot/install/mobile_robot/share/mobile_robot/environment/ament_prefix_path.dsv
[0.074s] -- Up-to-date: /home/gustavo/ws_mobile/src/mobile_robot/install/mobile_robot/share/mobile_robot/environment/path.sh
[0.074s] -- Up-to-date: /home/gustavo/ws_mobile/src/mobile_robot/install/mobile_robot/share/mobile_robot/environment/path.dsv
[0.074s] -- Up-to-date: /home/gustavo/ws_mobile/src/mobile_robot/install/mobile_robot/share/mobile_robot/local_setup.bash
[0.074s] -- Up-to-date: /home/gustavo/ws_mobile/src/mobile_robot/install/mobile_robot/share/mobile_robot/local_setup.sh
[0.075s] -- Up-to-date: /home/gustavo/ws_mobile/src/mobile_robot/install/mobile_robot/share/mobile_robot/local_setup.zsh
[0.075s] -- Up-to-date: /home/gustavo/ws_mobile/src/mobile_robot/install/mobile_robot/share/mobile_robot/local_setup.dsv
[0.075s] -- Up-to-date: /home/gustavo/ws_mobile/src/mobile_robot/install/mobile_robot/share/mobile_robot/package.dsv
[0.075s] -- Up-to-date: /home/gustavo/ws_mobile/src/mobile_robot/install/mobile_robot/share/ament_index/resource_index/packages/mobile_robot
[0.075s] -- Up-to-date: /home/gustavo/ws_mobile/src/mobile_robot/install/mobile_robot/share/mobile_robot/cmake/mobile_robotConfig.cmake
[0.075s] -- Up-to-date: /home/gustavo/ws_mobile/src/mobile_robot/install/mobile_robot/share/mobile_robot/cmake/mobile_robotConfig-version.cmake
[0.075s] -- Up-to-date: /home/gustavo/ws_mobile/src/mobile_robot/install/mobile_robot/share/mobile_robot/package.xml
[0.077s] Invoked command in '/home/gustavo/ws_mobile/src/mobile_robot/build/mobile_robot' returned '0': CMAKE_PREFIX_PATH=${CMAKE_PREFIX_PATH}:/opt/ros/jazzy DEBUGINFOD_URLS=https://debuginfod.ubuntu.com /usr/bin/cmake --install /home/gustavo/ws_mobile/src/mobile_robot/build/mobile_robot
